<?xml version="1.0" encoding="UTF-8"?>
<testng-results skipped="0" failed="0" ignored="0" total="2" passed="2">
  <reporter-output>
  </reporter-output>
  <suite name="Default suite" duration-ms="42465" started-at="2022-10-05T15:29:35 ICT" finished-at="2022-10-05T15:30:17 ICT">
    <groups>
    </groups>
    <test name="Default test" duration-ms="42465" started-at="2022-10-05T15:29:35 ICT" finished-at="2022-10-05T15:30:17 ICT">
      <class name="etender.Etendertest">
        <test-method status="PASS" signature="launchbrowser()[pri:1, instance:etender.Etendertest@59696551]" name="launchbrowser" duration-ms="35591" started-at="2022-10-05T15:29:36 ICT" finished-at="2022-10-05T15:30:11 ICT">
          <reporter-output>
          </reporter-output>
        </test-method> <!-- launchbrowser -->
        <test-method status="PASS" signature="login()[pri:2, instance:etender.Etendertest@59696551]" name="login" duration-ms="6105" started-at="2022-10-05T15:30:11 ICT" finished-at="2022-10-05T15:30:17 ICT">
          <reporter-output>
          </reporter-output>
        </test-method> <!-- login -->
      </class> <!-- etender.Etendertest -->
    </test> <!-- Default test -->
  </suite> <!-- Default suite -->
</testng-results>
